<?xml version="1.0" encoding="utf-8"?>
<shfbBuild product="Sandcastle Help File Builder and Tools" version="2017.12.30.2" projectFile="D:\Clase\LenguageProgramacion\Projeto2LP\Projecto2LP\SandCastleDoc\DocProj2LP.shfbproj" started="20/06/2018 18:26:00">
<buildStep step="Initializing">
Finding tools...
The Sandcastle tools are located in &#39;C:\Program Files (x86)\EWSoftware\Sandcastle Help File Builder\&#39;
Locating components in the following folder(s):
    D:\Clase\LenguageProgramacion\Projeto2LP\Projecto2LP\SandCastleDoc
    C:\ProgramData\EWSoftware\Sandcastle Help File Builder\Components and Plug-Ins\
    C:\Program Files (x86)\EWSoftware\Sandcastle Help File Builder\
Using framework reflection data for &#39;.NET Framework 4.5&#39; located in &#39;C:\Program Files (x86)\EWSoftware\Sandcastle Help File Builder\Data\.NETFramework&#39;
Using presentation style &#39;VS2013&#39; located in &#39;C:\Program Files (x86)\EWSoftware\Sandcastle Help File Builder\PresentationStyles\VS2013&#39;
Loading and initializing plug-ins...
Lightweight Website Style Version 2017.12.30.2
Copyright &#169; 2006-2017, Eric Woodruff, All Rights Reserved
Portions Copyright &#169; 2014, Sam Harwell, All Rights Reserved
</buildStep>
<buildStep step="ClearWorkFolder">
Clearing working folder...
-------------------------------
Clearing any prior web/markdown output...
</buildStep>
<buildStep step="ValidatingDocumentationSources">
Validating and copying documentation source information
Source: D:\Clase\LenguageProgramacion\Projeto2LP\Projecto2LP\Projecto2LP\bin\Debug\netcoreapp2.0\Projecto2LP.dll
    Found assembly &#39;D:\Clase\LenguageProgramacion\Projeto2LP\Projecto2LP\Projecto2LP\bin\Debug\netcoreapp2.0\Projecto2LP.dll&#39;
Source: D:\Clase\LenguageProgramacion\Projeto2LP\Projecto2LP\Projecto2LP\bin\Debug\netcoreapp2.0\Projecto2LP.xml

Copying XML comments files
    D:\Clase\LenguageProgramacion\Projeto2LP\Projecto2LP\Projecto2LP\bin\Debug\netcoreapp2.0\Projecto2LP.xml -&gt; D:\Clase\LenguageProgramacion\Projeto2LP\Projecto2LP\SandCastleDoc\Help\Working\Projecto2LP.xml
</buildStep>
<buildStep step="GenerateSharedContent">
Generating shared content files (en-US, Ingl&#233;s (Estados Unidos))...
<plugIn name="Lightweight Website Style" behavior="After" priority="1000">
</plugIn>    Last step completed in 00:00:00,0076
</buildStep>
<buildStep step="GenerateApiFilter">
Generating API filter for MRefBuilder...
    Last step completed in 00:00:00,0010
</buildStep>
<buildStep step="GenerateReflectionInfo">
Generating reflection information...
[C:\Program Files (x86)\MSBuild\14.0\bin\amd64\MSBuild.exe - GenerateRefInfo.proj]
Compilaci&#162;n iniciada a las 20/06/2018 18:26:01.
Proyecto &quot;D:\Clase\LenguageProgramacion\Projeto2LP\Projecto2LP\SandCastleDoc\Help\Working\GenerateRefInfo.proj&quot; en nodo 1 (destinos predeterminados).
PrepareForBuild:
  Creando directorio &quot;obj\Debug\&quot;.
GenerateRefInfo:
  MRefBuilder (v2017.12.30.2)
  Copyright &#184; 2006-2017, Microsoft Corporation, All Rights Reserved.
  Portions Copyright &#184; 2006-2016, Eric Woodruff, All Rights Reserved.
  No source code context base path specified.  Source context information is unavailable.
  Loaded 1 assemblies for reflection and 1 dependency assemblies.
MRefBuilder : warning : Ignoring unresolved assembly reference: System.Collections (System.Collections, Version=4.1.0.0, Culture=neutral, PublicKeyToken=b03f5f7f11d50a3a) required by Projecto2LP [D:\Clase\LenguageProgramacion\Projeto2LP\Projecto2LP\SandCastleDoc\Help\Working\GenerateRefInfo.proj]
MRefBuilder : warning : Ignoring unresolved assembly reference: System.Diagnostics.Debug (System.Diagnostics.Debug, Version=4.1.0.0, Culture=neutral, PublicKeyToken=b03f5f7f11d50a3a) required by Projecto2LP [D:\Clase\LenguageProgramacion\Projeto2LP\Projecto2LP\SandCastleDoc\Help\Working\GenerateRefInfo.proj]
  Wrote information on 1 namespaces, 4 types, and 14 members
  Copiando el archivo de &quot;reflection.org&quot; en &quot;reflection.all&quot;.
  XslTransform (v2017.12.30.2)
  Copyright &#184; 2006-2017, Microsoft Corporation, All Rights Reserved.
  Portions Copyright &#184; 2006-2016, Eric Woodruff, All Rights Reserved.
  Applying XSL transformation &#39;C:\Program Files (x86)\EWSoftware\Sandcastle Help File Builder\ProductionTransforms\MergeDuplicates.xsl&#39;.
Compilaci&#162;n del proyecto terminada &quot;D:\Clase\LenguageProgramacion\Projeto2LP\Projecto2LP\SandCastleDoc\Help\Working\GenerateRefInfo.proj&quot; (destinos predeterminados).

Compilaci&#162;n correcta.

Tiempo transcurrido 00:00:01.00
    Last step completed in 00:00:01,2805
</buildStep>
<buildStep step="TransformReflectionInfo">
Transforming reflection output...
[C:\Program Files (x86)\MSBuild\14.0\bin\amd64\MSBuild.exe - TransformManifest.proj]
Compilaci&#162;n iniciada a las 20/06/2018 18:26:02.
Proyecto &quot;D:\Clase\LenguageProgramacion\Projeto2LP\Projecto2LP\SandCastleDoc\Help\Working\TransformManifest.proj&quot; en nodo 1 (destinos predeterminados).
TransformManifest:
  XslTransform (v2017.12.30.2)
  Copyright &#184; 2006-2017, Microsoft Corporation, All Rights Reserved.
  Portions Copyright &#184; 2006-2016, Eric Woodruff, All Rights Reserved.
  Applying XSL transformation &#39;C:\Program Files (x86)\EWSoftware\Sandcastle Help File Builder\\ProductionTransforms\ApplyVSDocModel.xsl&#39;.
  Copiando el archivo de &quot;reflection.xml&quot; en &quot;reflection.nofilenames&quot;.
  XslTransform (v2017.12.30.2)
  Copyright &#184; 2006-2017, Microsoft Corporation, All Rights Reserved.
  Portions Copyright &#184; 2006-2016, Eric Woodruff, All Rights Reserved.
  Applying XSL transformation &#39;C:\Program Files (x86)\EWSoftware\Sandcastle Help File Builder\ProductionTransforms\AddFilenames.xsl&#39;.
  XslTransform (v2017.12.30.2)
  Copyright &#184; 2006-2017, Microsoft Corporation, All Rights Reserved.
  Portions Copyright &#184; 2006-2016, Eric Woodruff, All Rights Reserved.
  Applying XSL transformation &#39;C:\Program Files (x86)\EWSoftware\Sandcastle Help File Builder\ProductionTransforms\ReflectionToManifest.xsl&#39;.
Compilaci&#162;n del proyecto terminada &quot;D:\Clase\LenguageProgramacion\Projeto2LP\Projecto2LP\SandCastleDoc\Help\Working\TransformManifest.proj&quot; (destinos predeterminados).

Compilaci&#162;n correcta.

Tiempo transcurrido 00:00:00.52
    Last step completed in 00:00:00,7773
</buildStep>
<buildStep step="GenerateNamespaceSummaries">
Generating namespace summary information...
    Last step completed in 00:00:00,0436
</buildStep>
<buildStep step="CopyAdditionalContent">
Copying additional content files...
No additional content to copy
    Last step completed in 00:00:00,0060
</buildStep>
<buildStep step="MergeTablesOfContents">
Merging conceptual and additional tables of contents...
    Last step completed in 00:00:00,0000
</buildStep>
<buildStep step="GenerateIntermediateTableOfContents">
Generating intermediate table of contents file...
[C:\Program Files (x86)\MSBuild\14.0\bin\amd64\MSBuild.exe - GenerateIntermediateTOC.proj]
Compilaci&#162;n iniciada a las 20/06/2018 18:26:03.
Proyecto &quot;D:\Clase\LenguageProgramacion\Projeto2LP\Projecto2LP\SandCastleDoc\Help\Working\GenerateIntermediateTOC.proj&quot; en nodo 1 (destinos predeterminados).
GenerateIntermediateTOC:
  XslTransform (v2017.12.30.2)
  Copyright &#184; 2006-2017, Microsoft Corporation, All Rights Reserved.
  Portions Copyright &#184; 2006-2016, Eric Woodruff, All Rights Reserved.
  Applying XSL transformation &#39;C:\Program Files (x86)\EWSoftware\Sandcastle Help File Builder\\ProductionTransforms\CreateVSToc.xsl&#39;.
Compilaci&#162;n del proyecto terminada &quot;D:\Clase\LenguageProgramacion\Projeto2LP\Projecto2LP\SandCastleDoc\Help\Working\GenerateIntermediateTOC.proj&quot; (destinos predeterminados).

Compilaci&#162;n correcta.

Tiempo transcurrido 00:00:00.13
Generating conceptual content intermediate TOC file...
    Last step completed in 00:00:00,3856
</buildStep>
<buildStep step="CreateBuildAssemblerConfigs">
Creating Sandcastle configuration files...
    sandcastle.config
    Last step completed in 00:00:00,2363
</buildStep>
<buildStep step="MergeCustomConfigs">
Merging custom build component configurations
D:\Clase\LenguageProgramacion\Projeto2LP\Projecto2LP\SandCastleDoc\Help\Working\sandcastle.config
  Updating reference topic configurations.
  No conceptual content.  Removing conceptual content components.
    Last step completed in 00:00:00,0276
</buildStep>
<buildStep step="BuildTopics">
Building help topics...
[C:\Program Files (x86)\MSBuild\14.0\bin\amd64\MSBuild.exe - BuildTopics.proj]
Compilaci&#162;n iniciada a las 20/06/2018 18:26:03.
Proyecto &quot;D:\Clase\LenguageProgramacion\Projeto2LP\Projecto2LP\SandCastleDoc\Help\Working\BuildTopics.proj&quot; en nodo 1 (destinos predeterminados).
BuildTopics:
  BuildAssembler (v2017.12.30.2)
  Copyright &#184; 2006-2017, Microsoft Corporation, All Rights Reserved.
  Portions Copyright &#184; 2006-2016, Eric Woodruff, All Rights Reserved.
  Loading configuration...
  Processing topics...
BuildAssembler : warning : ShowMissingComponent: [N:Projecto2LP] Missing &lt;summary&gt; documentation [D:\Clase\LenguageProgramacion\Projeto2LP\Projecto2LP\SandCastleDoc\Help\Working\BuildTopics.proj]
BuildAssembler : warning : ShowMissingComponent: [T:Projecto2LP.FoodType] Missing &lt;summary&gt; documentation [D:\Clase\LenguageProgramacion\Projeto2LP\Projecto2LP\SandCastleDoc\Help\Working\BuildTopics.proj]
BuildAssembler : warning : ShowMissingComponent: [T:Projecto2LP.IDrawable] Missing &lt;summary&gt; documentation [D:\Clase\LenguageProgramacion\Projeto2LP\Projecto2LP\SandCastleDoc\Help\Working\BuildTopics.proj]
BuildAssembler : warning : ShowMissingComponent: [T:Projecto2LP.WeaponType] Missing &lt;summary&gt; documentation [D:\Clase\LenguageProgramacion\Projeto2LP\Projecto2LP\SandCastleDoc\Help\Working\BuildTopics.proj]
  Processed 9 topic(s)
  4 warning(s)
  CopyFromIndexComponent: &quot;reflection&quot; in-memory cache entries used: 2 of 15.
  CopyFromIndexComponent: &quot;comments&quot; in-memory cache entries used: 2 of 30.
Compilaci&#162;n del proyecto terminada &quot;D:\Clase\LenguageProgramacion\Projeto2LP\Projecto2LP\SandCastleDoc\Help\Working\BuildTopics.proj&quot; (destinos predeterminados).

Compilaci&#162;n correcta.

Tiempo transcurrido 00:00:02.54
    Last step completed in 00:00:02,7518
</buildStep>
<buildStep step="CombiningIntermediateTocFiles">
Combining conceptual and API intermediate TOC files...
    Last step completed in 00:00:00,0042
</buildStep>
<buildStep step="ExtractingHtmlInfo">
Extracting HTML info for HTML Help 1 and/or website...
[C:\Program Files (x86)\MSBuild\14.0\bin\amd64\MSBuild.exe - ExtractHtmlInfo.proj]
Sandcastle Help File Builder and Tools, version 2017.12.30.2
Copyright &#184; 2006-2017, Eric Woodruff, All Rights Reserved
E-Mail: Eric@EWoodruff.us

Using LCID &#39;1033&#39;, code page &#39;65001&#39;, encoding charset &#39;UTF-8&#39;.

Processing website files in D:\Clase\LenguageProgramacion\Projeto2LP\Projecto2LP\SandCastleDoc\Help\Working\Output\Website
Processed 9 HTML files
Sorting keywords and generating See Also indices
Saving website keyword index to D:\Clase\LenguageProgramacion\Projeto2LP\Projecto2LP\SandCastleDoc\Help\Working\WebKI.xml
Saving website table of contents to D:\Clase\LenguageProgramacion\Projeto2LP\Projecto2LP\SandCastleDoc\Help\Working\WebTOC.xml
    Last step completed in 00:00:00,3024
</buildStep>
<buildStep step="CopyStandardHelpContent">
Copying standard help content...
C:\Program Files (x86)\EWSoftware\Sandcastle Help File Builder\PresentationStyles\VS2013\icons\AlertCaution.png -&gt; D:\Clase\LenguageProgramacion\Projeto2LP\Projecto2LP\SandCastleDoc\Help\Working\Output\Website\icons\AlertCaution.png
C:\Program Files (x86)\EWSoftware\Sandcastle Help File Builder\PresentationStyles\VS2013\icons\AlertNote.png -&gt; D:\Clase\LenguageProgramacion\Projeto2LP\Projecto2LP\SandCastleDoc\Help\Working\Output\Website\icons\AlertNote.png
C:\Program Files (x86)\EWSoftware\Sandcastle Help File Builder\PresentationStyles\VS2013\icons\AlertSecurity.png -&gt; D:\Clase\LenguageProgramacion\Projeto2LP\Projecto2LP\SandCastleDoc\Help\Working\Output\Website\icons\AlertSecurity.png
C:\Program Files (x86)\EWSoftware\Sandcastle Help File Builder\PresentationStyles\VS2013\icons\CFW.gif -&gt; D:\Clase\LenguageProgramacion\Projeto2LP\Projecto2LP\SandCastleDoc\Help\Working\Output\Website\icons\CFW.gif
C:\Program Files (x86)\EWSoftware\Sandcastle Help File Builder\PresentationStyles\VS2013\icons\CodeExample.png -&gt; D:\Clase\LenguageProgramacion\Projeto2LP\Projecto2LP\SandCastleDoc\Help\Working\Output\Website\icons\CodeExample.png
C:\Program Files (x86)\EWSoftware\Sandcastle Help File Builder\PresentationStyles\VS2013\icons\favicon.ico -&gt; D:\Clase\LenguageProgramacion\Projeto2LP\Projecto2LP\SandCastleDoc\Help\Working\Output\Website\icons\favicon.ico
C:\Program Files (x86)\EWSoftware\Sandcastle Help File Builder\PresentationStyles\VS2013\icons\privclass.gif -&gt; D:\Clase\LenguageProgramacion\Projeto2LP\Projecto2LP\SandCastleDoc\Help\Working\Output\Website\icons\privclass.gif
C:\Program Files (x86)\EWSoftware\Sandcastle Help File Builder\PresentationStyles\VS2013\icons\privdelegate.gif -&gt; D:\Clase\LenguageProgramacion\Projeto2LP\Projecto2LP\SandCastleDoc\Help\Working\Output\Website\icons\privdelegate.gif
C:\Program Files (x86)\EWSoftware\Sandcastle Help File Builder\PresentationStyles\VS2013\icons\privenumeration.gif -&gt; D:\Clase\LenguageProgramacion\Projeto2LP\Projecto2LP\SandCastleDoc\Help\Working\Output\Website\icons\privenumeration.gif
C:\Program Files (x86)\EWSoftware\Sandcastle Help File Builder\PresentationStyles\VS2013\icons\privevent.gif -&gt; D:\Clase\LenguageProgramacion\Projeto2LP\Projecto2LP\SandCastleDoc\Help\Working\Output\Website\icons\privevent.gif
C:\Program Files (x86)\EWSoftware\Sandcastle Help File Builder\PresentationStyles\VS2013\icons\privextension.gif -&gt; D:\Clase\LenguageProgramacion\Projeto2LP\Projecto2LP\SandCastleDoc\Help\Working\Output\Website\icons\privextension.gif
C:\Program Files (x86)\EWSoftware\Sandcastle Help File Builder\PresentationStyles\VS2013\icons\privfield.gif -&gt; D:\Clase\LenguageProgramacion\Projeto2LP\Projecto2LP\SandCastleDoc\Help\Working\Output\Website\icons\privfield.gif
C:\Program Files (x86)\EWSoftware\Sandcastle Help File Builder\PresentationStyles\VS2013\icons\privinterface.gif -&gt; D:\Clase\LenguageProgramacion\Projeto2LP\Projecto2LP\SandCastleDoc\Help\Working\Output\Website\icons\privinterface.gif
C:\Program Files (x86)\EWSoftware\Sandcastle Help File Builder\PresentationStyles\VS2013\icons\privmethod.gif -&gt; D:\Clase\LenguageProgramacion\Projeto2LP\Projecto2LP\SandCastleDoc\Help\Working\Output\Website\icons\privmethod.gif
C:\Program Files (x86)\EWSoftware\Sandcastle Help File Builder\PresentationStyles\VS2013\icons\privproperty.gif -&gt; D:\Clase\LenguageProgramacion\Projeto2LP\Projecto2LP\SandCastleDoc\Help\Working\Output\Website\icons\privproperty.gif
C:\Program Files (x86)\EWSoftware\Sandcastle Help File Builder\PresentationStyles\VS2013\icons\privstructure.gif -&gt; D:\Clase\LenguageProgramacion\Projeto2LP\Projecto2LP\SandCastleDoc\Help\Working\Output\Website\icons\privstructure.gif
C:\Program Files (x86)\EWSoftware\Sandcastle Help File Builder\PresentationStyles\VS2013\icons\protclass.gif -&gt; D:\Clase\LenguageProgramacion\Projeto2LP\Projecto2LP\SandCastleDoc\Help\Working\Output\Website\icons\protclass.gif
C:\Program Files (x86)\EWSoftware\Sandcastle Help File Builder\PresentationStyles\VS2013\icons\protdelegate.gif -&gt; D:\Clase\LenguageProgramacion\Projeto2LP\Projecto2LP\SandCastleDoc\Help\Working\Output\Website\icons\protdelegate.gif
C:\Program Files (x86)\EWSoftware\Sandcastle Help File Builder\PresentationStyles\VS2013\icons\protenumeration.gif -&gt; D:\Clase\LenguageProgramacion\Projeto2LP\Projecto2LP\SandCastleDoc\Help\Working\Output\Website\icons\protenumeration.gif
C:\Program Files (x86)\EWSoftware\Sandcastle Help File Builder\PresentationStyles\VS2013\icons\protevent.gif -&gt; D:\Clase\LenguageProgramacion\Projeto2LP\Projecto2LP\SandCastleDoc\Help\Working\Output\Website\icons\protevent.gif
C:\Program Files (x86)\EWSoftware\Sandcastle Help File Builder\PresentationStyles\VS2013\icons\protextension.gif -&gt; D:\Clase\LenguageProgramacion\Projeto2LP\Projecto2LP\SandCastleDoc\Help\Working\Output\Website\icons\protextension.gif
C:\Program Files (x86)\EWSoftware\Sandcastle Help File Builder\PresentationStyles\VS2013\icons\protfield.gif -&gt; D:\Clase\LenguageProgramacion\Projeto2LP\Projecto2LP\SandCastleDoc\Help\Working\Output\Website\icons\protfield.gif
C:\Program Files (x86)\EWSoftware\Sandcastle Help File Builder\PresentationStyles\VS2013\icons\protinterface.gif -&gt; D:\Clase\LenguageProgramacion\Projeto2LP\Projecto2LP\SandCastleDoc\Help\Working\Output\Website\icons\protinterface.gif
C:\Program Files (x86)\EWSoftware\Sandcastle Help File Builder\PresentationStyles\VS2013\icons\protmethod.gif -&gt; D:\Clase\LenguageProgramacion\Projeto2LP\Projecto2LP\SandCastleDoc\Help\Working\Output\Website\icons\protmethod.gif
C:\Program Files (x86)\EWSoftware\Sandcastle Help File Builder\PresentationStyles\VS2013\icons\protoperator.gif -&gt; D:\Clase\LenguageProgramacion\Projeto2LP\Projecto2LP\SandCastleDoc\Help\Working\Output\Website\icons\protoperator.gif
C:\Program Files (x86)\EWSoftware\Sandcastle Help File Builder\PresentationStyles\VS2013\icons\protproperty.gif -&gt; D:\Clase\LenguageProgramacion\Projeto2LP\Projecto2LP\SandCastleDoc\Help\Working\Output\Website\icons\protproperty.gif
C:\Program Files (x86)\EWSoftware\Sandcastle Help File Builder\PresentationStyles\VS2013\icons\protstructure.gif -&gt; D:\Clase\LenguageProgramacion\Projeto2LP\Projecto2LP\SandCastleDoc\Help\Working\Output\Website\icons\protstructure.gif
C:\Program Files (x86)\EWSoftware\Sandcastle Help File Builder\PresentationStyles\VS2013\icons\pubclass.gif -&gt; D:\Clase\LenguageProgramacion\Projeto2LP\Projecto2LP\SandCastleDoc\Help\Working\Output\Website\icons\pubclass.gif
C:\Program Files (x86)\EWSoftware\Sandcastle Help File Builder\PresentationStyles\VS2013\icons\pubdelegate.gif -&gt; D:\Clase\LenguageProgramacion\Projeto2LP\Projecto2LP\SandCastleDoc\Help\Working\Output\Website\icons\pubdelegate.gif
C:\Program Files (x86)\EWSoftware\Sandcastle Help File Builder\PresentationStyles\VS2013\icons\pubenumeration.gif -&gt; D:\Clase\LenguageProgramacion\Projeto2LP\Projecto2LP\SandCastleDoc\Help\Working\Output\Website\icons\pubenumeration.gif
C:\Program Files (x86)\EWSoftware\Sandcastle Help File Builder\PresentationStyles\VS2013\icons\pubevent.gif -&gt; D:\Clase\LenguageProgramacion\Projeto2LP\Projecto2LP\SandCastleDoc\Help\Working\Output\Website\icons\pubevent.gif
C:\Program Files (x86)\EWSoftware\Sandcastle Help File Builder\PresentationStyles\VS2013\icons\pubextension.gif -&gt; D:\Clase\LenguageProgramacion\Projeto2LP\Projecto2LP\SandCastleDoc\Help\Working\Output\Website\icons\pubextension.gif
C:\Program Files (x86)\EWSoftware\Sandcastle Help File Builder\PresentationStyles\VS2013\icons\pubfield.gif -&gt; D:\Clase\LenguageProgramacion\Projeto2LP\Projecto2LP\SandCastleDoc\Help\Working\Output\Website\icons\pubfield.gif
C:\Program Files (x86)\EWSoftware\Sandcastle Help File Builder\PresentationStyles\VS2013\icons\pubinterface.gif -&gt; D:\Clase\LenguageProgramacion\Projeto2LP\Projecto2LP\SandCastleDoc\Help\Working\Output\Website\icons\pubinterface.gif
C:\Program Files (x86)\EWSoftware\Sandcastle Help File Builder\PresentationStyles\VS2013\icons\pubmethod.gif -&gt; D:\Clase\LenguageProgramacion\Projeto2LP\Projecto2LP\SandCastleDoc\Help\Working\Output\Website\icons\pubmethod.gif
C:\Program Files (x86)\EWSoftware\Sandcastle Help File Builder\PresentationStyles\VS2013\icons\puboperator.gif -&gt; D:\Clase\LenguageProgramacion\Projeto2LP\Projecto2LP\SandCastleDoc\Help\Working\Output\Website\icons\puboperator.gif
C:\Program Files (x86)\EWSoftware\Sandcastle Help File Builder\PresentationStyles\VS2013\icons\pubproperty.gif -&gt; D:\Clase\LenguageProgramacion\Projeto2LP\Projecto2LP\SandCastleDoc\Help\Working\Output\Website\icons\pubproperty.gif
C:\Program Files (x86)\EWSoftware\Sandcastle Help File Builder\PresentationStyles\VS2013\icons\pubstructure.gif -&gt; D:\Clase\LenguageProgramacion\Projeto2LP\Projecto2LP\SandCastleDoc\Help\Working\Output\Website\icons\pubstructure.gif
C:\Program Files (x86)\EWSoftware\Sandcastle Help File Builder\PresentationStyles\VS2013\icons\SectionCollapsed.png -&gt; D:\Clase\LenguageProgramacion\Projeto2LP\Projecto2LP\SandCastleDoc\Help\Working\Output\Website\icons\SectionCollapsed.png
C:\Program Files (x86)\EWSoftware\Sandcastle Help File Builder\PresentationStyles\VS2013\icons\SectionExpanded.png -&gt; D:\Clase\LenguageProgramacion\Projeto2LP\Projecto2LP\SandCastleDoc\Help\Working\Output\Website\icons\SectionExpanded.png
C:\Program Files (x86)\EWSoftware\Sandcastle Help File Builder\PresentationStyles\VS2013\icons\slMobile.gif -&gt; D:\Clase\LenguageProgramacion\Projeto2LP\Projecto2LP\SandCastleDoc\Help\Working\Output\Website\icons\slMobile.gif
C:\Program Files (x86)\EWSoftware\Sandcastle Help File Builder\PresentationStyles\VS2013\icons\static.gif -&gt; D:\Clase\LenguageProgramacion\Projeto2LP\Projecto2LP\SandCastleDoc\Help\Working\Output\Website\icons\static.gif
C:\Program Files (x86)\EWSoftware\Sandcastle Help File Builder\PresentationStyles\VS2013\icons\xna.gif -&gt; D:\Clase\LenguageProgramacion\Projeto2LP\Projecto2LP\SandCastleDoc\Help\Working\Output\Website\icons\xna.gif
C:\Program Files (x86)\EWSoftware\Sandcastle Help File Builder\PresentationStyles\VS2013\scripts\branding.js -&gt; D:\Clase\LenguageProgramacion\Projeto2LP\Projecto2LP\SandCastleDoc\Help\Working\Output\Website\scripts\branding.js
C:\Program Files (x86)\EWSoftware\Sandcastle Help File Builder\PresentationStyles\VS2013\styles\branding-cs-CZ.css -&gt; D:\Clase\LenguageProgramacion\Projeto2LP\Projecto2LP\SandCastleDoc\Help\Working\Output\Website\styles\branding-cs-CZ.css
C:\Program Files (x86)\EWSoftware\Sandcastle Help File Builder\PresentationStyles\VS2013\styles\branding-de-DE.css -&gt; D:\Clase\LenguageProgramacion\Projeto2LP\Projecto2LP\SandCastleDoc\Help\Working\Output\Website\styles\branding-de-DE.css
C:\Program Files (x86)\EWSoftware\Sandcastle Help File Builder\PresentationStyles\VS2013\styles\branding-en-US.css -&gt; D:\Clase\LenguageProgramacion\Projeto2LP\Projecto2LP\SandCastleDoc\Help\Working\Output\Website\styles\branding-en-US.css
C:\Program Files (x86)\EWSoftware\Sandcastle Help File Builder\PresentationStyles\VS2013\styles\branding-es-ES.css -&gt; D:\Clase\LenguageProgramacion\Projeto2LP\Projecto2LP\SandCastleDoc\Help\Working\Output\Website\styles\branding-es-ES.css
C:\Program Files (x86)\EWSoftware\Sandcastle Help File Builder\PresentationStyles\VS2013\styles\branding-fr-FR.css -&gt; D:\Clase\LenguageProgramacion\Projeto2LP\Projecto2LP\SandCastleDoc\Help\Working\Output\Website\styles\branding-fr-FR.css
C:\Program Files (x86)\EWSoftware\Sandcastle Help File Builder\PresentationStyles\VS2013\styles\branding-Help1.css -&gt; D:\Clase\LenguageProgramacion\Projeto2LP\Projecto2LP\SandCastleDoc\Help\Working\Output\Website\styles\branding-Help1.css
C:\Program Files (x86)\EWSoftware\Sandcastle Help File Builder\PresentationStyles\VS2013\styles\branding-HelpViewer.css -&gt; D:\Clase\LenguageProgramacion\Projeto2LP\Projecto2LP\SandCastleDoc\Help\Working\Output\Website\styles\branding-HelpViewer.css
C:\Program Files (x86)\EWSoftware\Sandcastle Help File Builder\PresentationStyles\VS2013\styles\branding-it-IT.css -&gt; D:\Clase\LenguageProgramacion\Projeto2LP\Projecto2LP\SandCastleDoc\Help\Working\Output\Website\styles\branding-it-IT.css
C:\Program Files (x86)\EWSoftware\Sandcastle Help File Builder\PresentationStyles\VS2013\styles\branding-ja-JP.css -&gt; D:\Clase\LenguageProgramacion\Projeto2LP\Projecto2LP\SandCastleDoc\Help\Working\Output\Website\styles\branding-ja-JP.css
C:\Program Files (x86)\EWSoftware\Sandcastle Help File Builder\PresentationStyles\VS2013\styles\branding-ko-KR.css -&gt; D:\Clase\LenguageProgramacion\Projeto2LP\Projecto2LP\SandCastleDoc\Help\Working\Output\Website\styles\branding-ko-KR.css
C:\Program Files (x86)\EWSoftware\Sandcastle Help File Builder\PresentationStyles\VS2013\styles\branding-pl-PL.css -&gt; D:\Clase\LenguageProgramacion\Projeto2LP\Projecto2LP\SandCastleDoc\Help\Working\Output\Website\styles\branding-pl-PL.css
C:\Program Files (x86)\EWSoftware\Sandcastle Help File Builder\PresentationStyles\VS2013\styles\branding-pt-BR.css -&gt; D:\Clase\LenguageProgramacion\Projeto2LP\Projecto2LP\SandCastleDoc\Help\Working\Output\Website\styles\branding-pt-BR.css
C:\Program Files (x86)\EWSoftware\Sandcastle Help File Builder\PresentationStyles\VS2013\styles\branding-ru-RU.css -&gt; D:\Clase\LenguageProgramacion\Projeto2LP\Projecto2LP\SandCastleDoc\Help\Working\Output\Website\styles\branding-ru-RU.css
C:\Program Files (x86)\EWSoftware\Sandcastle Help File Builder\PresentationStyles\VS2013\styles\branding-tr-TR.css -&gt; D:\Clase\LenguageProgramacion\Projeto2LP\Projecto2LP\SandCastleDoc\Help\Working\Output\Website\styles\branding-tr-TR.css
C:\Program Files (x86)\EWSoftware\Sandcastle Help File Builder\PresentationStyles\VS2013\styles\branding-Website.css -&gt; D:\Clase\LenguageProgramacion\Projeto2LP\Projecto2LP\SandCastleDoc\Help\Working\Output\Website\styles\branding-Website.css
C:\Program Files (x86)\EWSoftware\Sandcastle Help File Builder\PresentationStyles\VS2013\styles\branding-zh-CN.css -&gt; D:\Clase\LenguageProgramacion\Projeto2LP\Projecto2LP\SandCastleDoc\Help\Working\Output\Website\styles\branding-zh-CN.css
C:\Program Files (x86)\EWSoftware\Sandcastle Help File Builder\PresentationStyles\VS2013\styles\branding-zh-TW.css -&gt; D:\Clase\LenguageProgramacion\Projeto2LP\Projecto2LP\SandCastleDoc\Help\Working\Output\Website\styles\branding-zh-TW.css
C:\Program Files (x86)\EWSoftware\Sandcastle Help File Builder\PresentationStyles\VS2013\styles\branding.css -&gt; D:\Clase\LenguageProgramacion\Projeto2LP\Projecto2LP\SandCastleDoc\Help\Working\Output\Website\styles\branding.css
C:\Program Files (x86)\EWSoftware\Sandcastle Help File Builder\PresentationStyles\VS2013\Web\index.html -&gt; D:\Clase\LenguageProgramacion\Projeto2LP\Projecto2LP\SandCastleDoc\Help\Working\Output\Website\index.html
C:\Program Files (x86)\EWSoftware\Sandcastle Help File Builder\PresentationStyles\VS2013\Web\search.html -&gt; D:\Clase\LenguageProgramacion\Projeto2LP\Projecto2LP\SandCastleDoc\Help\Working\Output\Website\search.html
C:\Program Files (x86)\EWSoftware\Sandcastle Help File Builder\PresentationStyles\VS2013\Web\SearchHelp.aspx -&gt; D:\Clase\LenguageProgramacion\Projeto2LP\Projecto2LP\SandCastleDoc\Help\Working\Output\Website\SearchHelp.aspx
C:\Program Files (x86)\EWSoftware\Sandcastle Help File Builder\PresentationStyles\VS2013\Web\SearchHelp.inc.php -&gt; D:\Clase\LenguageProgramacion\Projeto2LP\Projecto2LP\SandCastleDoc\Help\Working\Output\Website\SearchHelp.inc.php
C:\Program Files (x86)\EWSoftware\Sandcastle Help File Builder\PresentationStyles\VS2013\Web\SearchHelp.php -&gt; D:\Clase\LenguageProgramacion\Projeto2LP\Projecto2LP\SandCastleDoc\Help\Working\Output\Website\SearchHelp.php
C:\Program Files (x86)\EWSoftware\Sandcastle Help File Builder\PresentationStyles\VS2013\Web\Web.Config -&gt; D:\Clase\LenguageProgramacion\Projeto2LP\Projecto2LP\SandCastleDoc\Help\Working\Output\Website\Web.Config
C:\Program Files (x86)\EWSoftware\Sandcastle Help File Builder\PresentationStyles\VS2013\Web\html\GeneralError.htm -&gt; D:\Clase\LenguageProgramacion\Projeto2LP\Projecto2LP\SandCastleDoc\Help\Working\Output\Website\html\GeneralError.htm
C:\Program Files (x86)\EWSoftware\Sandcastle Help File Builder\PresentationStyles\VS2013\Web\html\PageNotFound.htm -&gt; D:\Clase\LenguageProgramacion\Projeto2LP\Projecto2LP\SandCastleDoc\Help\Working\Output\Website\html\PageNotFound.htm
C:\Program Files (x86)\EWSoftware\Sandcastle Help File Builder\PresentationStyles\VS2013\Web\icons\Search.png -&gt; D:\Clase\LenguageProgramacion\Projeto2LP\Projecto2LP\SandCastleDoc\Help\Working\Output\Website\icons\Search.png
C:\Program Files (x86)\EWSoftware\Sandcastle Help File Builder\PresentationStyles\VS2013\Web\icons\TocClose.gif -&gt; D:\Clase\LenguageProgramacion\Projeto2LP\Projecto2LP\SandCastleDoc\Help\Working\Output\Website\icons\TocClose.gif
C:\Program Files (x86)\EWSoftware\Sandcastle Help File Builder\PresentationStyles\VS2013\Web\icons\TocCollapsed.gif -&gt; D:\Clase\LenguageProgramacion\Projeto2LP\Projecto2LP\SandCastleDoc\Help\Working\Output\Website\icons\TocCollapsed.gif
C:\Program Files (x86)\EWSoftware\Sandcastle Help File Builder\PresentationStyles\VS2013\Web\icons\TocExpanded.gif -&gt; D:\Clase\LenguageProgramacion\Projeto2LP\Projecto2LP\SandCastleDoc\Help\Working\Output\Website\icons\TocExpanded.gif
C:\Program Files (x86)\EWSoftware\Sandcastle Help File Builder\PresentationStyles\VS2013\Web\icons\TocOpen.gif -&gt; D:\Clase\LenguageProgramacion\Projeto2LP\Projecto2LP\SandCastleDoc\Help\Working\Output\Website\icons\TocOpen.gif
C:\Program Files (x86)\EWSoftware\Sandcastle Help File Builder\PresentationStyles\VS2013\Web\scripts\branding-Website.js -&gt; D:\Clase\LenguageProgramacion\Projeto2LP\Projecto2LP\SandCastleDoc\Help\Working\Output\Website\scripts\branding-Website.js
C:\Program Files (x86)\EWSoftware\Sandcastle Help File Builder\PresentationStyles\VS2013\Web\scripts\clipboard.min.js -&gt; D:\Clase\LenguageProgramacion\Projeto2LP\Projecto2LP\SandCastleDoc\Help\Working\Output\Website\scripts\clipboard.min.js
C:\Program Files (x86)\EWSoftware\Sandcastle Help File Builder\PresentationStyles\VS2013\Web\scripts\jquery-1.11.0.min.js -&gt; D:\Clase\LenguageProgramacion\Projeto2LP\Projecto2LP\SandCastleDoc\Help\Working\Output\Website\scripts\jquery-1.11.0.min.js
    Last step completed in 00:00:00,2759
</buildStep>
<buildStep step="GenerateHelpFormatTableOfContents">
Generating website table of contents file...
    Last step completed in 00:00:00,0010
</buildStep>
<buildStep step="GenerateFullTextIndex">
Generating full-text index for the website...

<plugIn name="Lightweight Website Style" behavior="After" priority="1000">
Adding lightweight search and TOC elements to each topic...
</plugIn>    Last step completed in 00:00:00,2515
</buildStep>
<buildStep step="CopyingWebsiteFiles">
Copying website files to output folder...

Copied 113 files for the website content
    Last step completed in 00:00:00,5012
</buildStep>
<buildStep step="CleanIntermediates">
Removing intermediate files...
    Last step completed in 00:00:00,0389
</buildStep>
<buildStep step="Completed">

Build completed successfully at 20/06/2018 18:26:07.  Total time: 00:00:07,6347

</buildStep>
</shfbBuild>
